Thu Oct 24 2013 05:31:14 GMT-0500 (Central Daylight Time):
{ [Error: Command failed: 'git' is not recognized as an internal or external command,
operable program or batch file.
]
  stack: [Getter/Setter],
  killed: false,
  code: 1,
  signal: null,
  __frame: 
   { name: 'LinkedRevisionControlClient_prototype_initGitOnCurrentDirectory__3',
     line: 112,
     file: 'C:\\Users\\john\\AppData\\Roaming\\npm\\node_modules\\azure-cli\\lib\\util\\git\\linkedrevisioncontrol._js',
     prev: 
      { name: 'GitClient_prototype_init__4',
        line: 141,
        file: 'C:\\Users\\john\\AppData\\Roaming\\npm\\node_modules\\azure-cli\\lib\\util\\git\\linkedrevisioncontrol._js',
        prev: [Object],
        active: false,
        offset: 2,
        col: 2 },
     active: false,
     offset: 4,
     col: 4 },
  rawStack: [Getter] }
Error: Command failed: 'git' is not recognized as an internal or external command,
operable program or batch file.

    at ChildProcess.exithandler (child_process.js:637:15)
    at ChildProcess.EventEmitter.emit (events.js:98:17)
    at maybeClose (child_process.js:735:16)
    at Process.ChildProcess._handle.onexit (child_process.js:802:5)
    at LinkedRevisionControlClient_prototype_initGitOnCurrentDirectory__3 (C:\Users\john\AppData\Roaming\npm\node_modules\azure-cli\lib\util\git\linkedrevisioncontrol._js:116:4)
    at GitClient_prototype_init__4 (C:\Users\john\AppData\Roaming\npm\node_modules\azure-cli\lib\util\git\linkedrevisioncontrol._js:143:2)
    at __5 (C:\Users\john\AppData\Roaming\npm\node_modules\azure-cli\lib\commands\site._js:226:12)

